The system is: Linux - 5.13.0-30-generic - x86_64
Compiling the C compiler identification source file "CMakeCCompilerId.c" succeeded.
Compiler: /home/rouzbeh/Graduate/Research/LLVM/llvm-project/build/bin/clang 
Build flags: 
Id flags:  

The output was:
0


Compilation of the C compiler identification source "CMakeCCompilerId.c" produced "a.out"

The C compiler identification is Clang, found in "/home/rouzbeh/Graduate/Research/LLVM/ALC/build/CMakeFiles/3.20.0/CompilerIdC/a.out"

Compiling the CXX compiler identification source file "CMakeCXXCompilerId.cpp" succeeded.
Compiler: /home/rouzbeh/Graduate/Research/LLVM/llvm-project/build/bin/clang++ 
Build flags: 
Id flags:  

The output was:
0


Compilation of the CXX compiler identification source "CMakeCXXCompilerId.cpp" produced "a.out"

The CXX compiler identification is Clang, found in "/home/rouzbeh/Graduate/Research/LLVM/ALC/build/CMakeFiles/3.20.0/CompilerIdCXX/a.out"

Detecting C compiler ABI info compiled with the following output:
Change Dir: /home/rouzbeh/Graduate/Research/LLVM/ALC/build/CMakeFiles/CMakeTmp

Run Build Command(s):/usr/bin/make -f Makefile cmTC_93289/fast && /usr/bin/make  -f CMakeFiles/cmTC_93289.dir/build.make CMakeFiles/cmTC_93289.dir/build
make[1]: Entering directory '/home/rouzbeh/Graduate/Research/LLVM/ALC/build/CMakeFiles/CMakeTmp'
Building C object CMakeFiles/cmTC_93289.dir/CMakeCCompilerABI.c.o
/home/rouzbeh/Graduate/Research/LLVM/llvm-project/build/bin/clang   -v -MD -MT CMakeFiles/cmTC_93289.dir/CMakeCCompilerABI.c.o -MF CMakeFiles/cmTC_93289.dir/CMakeCCompilerABI.c.o.d -o CMakeFiles/cmTC_93289.dir/CMakeCCompilerABI.c.o -c /usr/local/share/cmake-3.20/Modules/CMakeCCompilerABI.c
clang version 14.0.0 (https://github.com/llvm/llvm-project.git 4327d39b15b22b9ee23582e5455df5b2a093fe8d)
Target: x86_64-unknown-linux-gnu
Thread model: posix
InstalledDir: /home/rouzbeh/Graduate/Research/LLVM/llvm-project/build/bin
Found candidate GCC installation: /usr/lib/gcc/x86_64-linux-gnu/9
Selected GCC installation: /usr/lib/gcc/x86_64-linux-gnu/9
Candidate multilib: .;@m64
Selected multilib: .;@m64
 (in-process)
 "/home/rouzbeh/Graduate/Research/LLVM/llvm-project/build/bin/clang-14" -cc1 -triple x86_64-unknown-linux-gnu -emit-obj -mrelax-all --mrelax-relocations -disable-free -clear-ast-before-backend -main-file-name CMakeCCompilerABI.c -mrelocation-model static -mframe-pointer=all -fmath-errno -ffp-contract=on -fno-rounding-math -mconstructor-aliases -funwind-tables=2 -target-cpu x86-64 -tune-cpu generic -mllvm -treat-scalable-fixed-error-as-warning -debugger-tuning=gdb -v -fcoverage-compilation-dir=/home/rouzbeh/Graduate/Research/LLVM/ALC/build/CMakeFiles/CMakeTmp -resource-dir /home/rouzbeh/Graduate/Research/LLVM/llvm-project/build/lib/clang/14.0.0 -dependency-file CMakeFiles/cmTC_93289.dir/CMakeCCompilerABI.c.o.d -MT CMakeFiles/cmTC_93289.dir/CMakeCCompilerABI.c.o -sys-header-deps -internal-isystem /home/rouzbeh/Graduate/Research/LLVM/llvm-project/build/lib/clang/14.0.0/include -internal-isystem /usr/local/include -internal-isystem /usr/lib/gcc/x86_64-linux-gnu/9/../../../../x86_64-linux-gnu/include -internal-externc-isystem /usr/include/x86_64-linux-gnu -internal-externc-isystem /include -internal-externc-isystem /usr/include -fdebug-compilation-dir=/home/rouzbeh/Graduate/Research/LLVM/ALC/build/CMakeFiles/CMakeTmp -ferror-limit 19 -fgnuc-version=4.2.1 -faddrsig -D__GCC_HAVE_DWARF2_CFI_ASM=1 -o CMakeFiles/cmTC_93289.dir/CMakeCCompilerABI.c.o -x c /usr/local/share/cmake-3.20/Modules/CMakeCCompilerABI.c
clang -cc1 version 14.0.0 based upon LLVM 14.0.0 default target x86_64-unknown-linux-gnu
ignoring nonexistent directory "/usr/lib/gcc/x86_64-linux-gnu/9/../../../../x86_64-linux-gnu/include"
ignoring nonexistent directory "/include"
#include "..." search starts here:
#include <...> search starts here:
 /home/rouzbeh/Graduate/Research/LLVM/llvm-project/build/lib/clang/14.0.0/include
 /usr/local/include
 /usr/include/x86_64-linux-gnu
 /usr/include
End of search list.
Linking C executable cmTC_93289
/usr/local/bin/cmake -E cmake_link_script CMakeFiles/cmTC_93289.dir/link.txt --verbose=1
/home/rouzbeh/Graduate/Research/LLVM/llvm-project/build/bin/clang  -v CMakeFiles/cmTC_93289.dir/CMakeCCompilerABI.c.o -o cmTC_93289 
clang version 14.0.0 (https://github.com/llvm/llvm-project.git 4327d39b15b22b9ee23582e5455df5b2a093fe8d)
Target: x86_64-unknown-linux-gnu
Thread model: posix
InstalledDir: /home/rouzbeh/Graduate/Research/LLVM/llvm-project/build/bin
Found candidate GCC installation: /usr/lib/gcc/x86_64-linux-gnu/9
Selected GCC installation: /usr/lib/gcc/x86_64-linux-gnu/9
Candidate multilib: .;@m64
Selected multilib: .;@m64
 "/usr/bin/ld" -z relro --hash-style=gnu --eh-frame-hdr -m elf_x86_64 -dynamic-linker /lib64/ld-linux-x86-64.so.2 -o cmTC_93289 /lib/x86_64-linux-gnu/crt1.o /lib/x86_64-linux-gnu/crti.o /usr/lib/gcc/x86_64-linux-gnu/9/crtbegin.o -L/usr/lib/gcc/x86_64-linux-gnu/9 -L/usr/lib/gcc/x86_64-linux-gnu/9/../../../../lib64 -L/lib/x86_64-linux-gnu -L/lib/../lib64 -L/usr/lib/x86_64-linux-gnu -L/usr/lib/../lib64 -L/home/rouzbeh/Graduate/Research/LLVM/llvm-project/build/bin/../lib -L/lib -L/usr/lib CMakeFiles/cmTC_93289.dir/CMakeCCompilerABI.c.o -lgcc --as-needed -lgcc_s --no-as-needed -lc -lgcc --as-needed -lgcc_s --no-as-needed /usr/lib/gcc/x86_64-linux-gnu/9/crtend.o /lib/x86_64-linux-gnu/crtn.o
make[1]: Leaving directory '/home/rouzbeh/Graduate/Research/LLVM/ALC/build/CMakeFiles/CMakeTmp'



Parsed C implicit include dir info from above output: rv=done
  found start of include info
  found start of implicit include info
    add: [/home/rouzbeh/Graduate/Research/LLVM/llvm-project/build/lib/clang/14.0.0/include]
    add: [/usr/local/include]
    add: [/usr/include/x86_64-linux-gnu]
    add: [/usr/include]
  end of search list found
  collapse include dir [/home/rouzbeh/Graduate/Research/LLVM/llvm-project/build/lib/clang/14.0.0/include] ==> [/home/rouzbeh/Graduate/Research/LLVM/llvm-project/build/lib/clang/14.0.0/include]
  collapse include dir [/usr/local/include] ==> [/usr/local/include]
  collapse include dir [/usr/include/x86_64-linux-gnu] ==> [/usr/include/x86_64-linux-gnu]
  collapse include dir [/usr/include] ==> [/usr/include]
  implicit include dirs: [/home/rouzbeh/Graduate/Research/LLVM/llvm-project/build/lib/clang/14.0.0/include;/usr/local/include;/usr/include/x86_64-linux-gnu;/usr/include]


Parsed C implicit link information from above output:
  link line regex: [^( *|.*[/\])(ld|CMAKE_LINK_STARTFILE-NOTFOUND|([^/\]+-)?ld|collect2)[^/\]*( |$)]
  ignore line: [Change Dir: /home/rouzbeh/Graduate/Research/LLVM/ALC/build/CMakeFiles/CMakeTmp]
  ignore line: []
  ignore line: [Run Build Command(s):/usr/bin/make -f Makefile cmTC_93289/fast && /usr/bin/make  -f CMakeFiles/cmTC_93289.dir/build.make CMakeFiles/cmTC_93289.dir/build]
  ignore line: [make[1]: Entering directory '/home/rouzbeh/Graduate/Research/LLVM/ALC/build/CMakeFiles/CMakeTmp']
  ignore line: [Building C object CMakeFiles/cmTC_93289.dir/CMakeCCompilerABI.c.o]
  ignore line: [/home/rouzbeh/Graduate/Research/LLVM/llvm-project/build/bin/clang   -v -MD -MT CMakeFiles/cmTC_93289.dir/CMakeCCompilerABI.c.o -MF CMakeFiles/cmTC_93289.dir/CMakeCCompilerABI.c.o.d -o CMakeFiles/cmTC_93289.dir/CMakeCCompilerABI.c.o -c /usr/local/share/cmake-3.20/Modules/CMakeCCompilerABI.c]
  ignore line: [clang version 14.0.0 (https://github.com/llvm/llvm-project.git 4327d39b15b22b9ee23582e5455df5b2a093fe8d)]
  ignore line: [Target: x86_64-unknown-linux-gnu]
  ignore line: [Thread model: posix]
  ignore line: [InstalledDir: /home/rouzbeh/Graduate/Research/LLVM/llvm-project/build/bin]
  ignore line: [Found candidate GCC installation: /usr/lib/gcc/x86_64-linux-gnu/9]
  ignore line: [Selected GCC installation: /usr/lib/gcc/x86_64-linux-gnu/9]
  ignore line: [Candidate multilib: .]
  ignore line: [@m64]
  ignore line: [Selected multilib: .]
  ignore line: [@m64]
  ignore line: [ (in-process)]
  ignore line: [ "/home/rouzbeh/Graduate/Research/LLVM/llvm-project/build/bin/clang-14" -cc1 -triple x86_64-unknown-linux-gnu -emit-obj -mrelax-all --mrelax-relocations -disable-free -clear-ast-before-backend -main-file-name CMakeCCompilerABI.c -mrelocation-model static -mframe-pointer=all -fmath-errno -ffp-contract=on -fno-rounding-math -mconstructor-aliases -funwind-tables=2 -target-cpu x86-64 -tune-cpu generic -mllvm -treat-scalable-fixed-error-as-warning -debugger-tuning=gdb -v -fcoverage-compilation-dir=/home/rouzbeh/Graduate/Research/LLVM/ALC/build/CMakeFiles/CMakeTmp -resource-dir /home/rouzbeh/Graduate/Research/LLVM/llvm-project/build/lib/clang/14.0.0 -dependency-file CMakeFiles/cmTC_93289.dir/CMakeCCompilerABI.c.o.d -MT CMakeFiles/cmTC_93289.dir/CMakeCCompilerABI.c.o -sys-header-deps -internal-isystem /home/rouzbeh/Graduate/Research/LLVM/llvm-project/build/lib/clang/14.0.0/include -internal-isystem /usr/local/include -internal-isystem /usr/lib/gcc/x86_64-linux-gnu/9/../../../../x86_64-linux-gnu/include -internal-externc-isystem /usr/include/x86_64-linux-gnu -internal-externc-isystem /include -internal-externc-isystem /usr/include -fdebug-compilation-dir=/home/rouzbeh/Graduate/Research/LLVM/ALC/build/CMakeFiles/CMakeTmp -ferror-limit 19 -fgnuc-version=4.2.1 -faddrsig -D__GCC_HAVE_DWARF2_CFI_ASM=1 -o CMakeFiles/cmTC_93289.dir/CMakeCCompilerABI.c.o -x c /usr/local/share/cmake-3.20/Modules/CMakeCCompilerABI.c]
  ignore line: [clang -cc1 version 14.0.0 based upon LLVM 14.0.0 default target x86_64-unknown-linux-gnu]
  ignore line: [ignoring nonexistent directory "/usr/lib/gcc/x86_64-linux-gnu/9/../../../../x86_64-linux-gnu/include"]
  ignore line: [ignoring nonexistent directory "/include"]
  ignore line: [#include "..." search starts here:]
  ignore line: [#include <...> search starts here:]
  ignore line: [ /home/rouzbeh/Graduate/Research/LLVM/llvm-project/build/lib/clang/14.0.0/include]
  ignore line: [ /usr/local/include]
  ignore line: [ /usr/include/x86_64-linux-gnu]
  ignore line: [ /usr/include]
  ignore line: [End of search list.]
  ignore line: [Linking C executable cmTC_93289]
  ignore line: [/usr/local/bin/cmake -E cmake_link_script CMakeFiles/cmTC_93289.dir/link.txt --verbose=1]
  ignore line: [/home/rouzbeh/Graduate/Research/LLVM/llvm-project/build/bin/clang  -v CMakeFiles/cmTC_93289.dir/CMakeCCompilerABI.c.o -o cmTC_93289 ]
  ignore line: [clang version 14.0.0 (https://github.com/llvm/llvm-project.git 4327d39b15b22b9ee23582e5455df5b2a093fe8d)]
  ignore line: [Target: x86_64-unknown-linux-gnu]
  ignore line: [Thread model: posix]
  ignore line: [InstalledDir: /home/rouzbeh/Graduate/Research/LLVM/llvm-project/build/bin]
  ignore line: [Found candidate GCC installation: /usr/lib/gcc/x86_64-linux-gnu/9]
  ignore line: [Selected GCC installation: /usr/lib/gcc/x86_64-linux-gnu/9]
  ignore line: [Candidate multilib: .]
  ignore line: [@m64]
  ignore line: [Selected multilib: .]
  ignore line: [@m64]
  link line: [ "/usr/bin/ld" -z relro --hash-style=gnu --eh-frame-hdr -m elf_x86_64 -dynamic-linker /lib64/ld-linux-x86-64.so.2 -o cmTC_93289 /lib/x86_64-linux-gnu/crt1.o /lib/x86_64-linux-gnu/crti.o /usr/lib/gcc/x86_64-linux-gnu/9/crtbegin.o -L/usr/lib/gcc/x86_64-linux-gnu/9 -L/usr/lib/gcc/x86_64-linux-gnu/9/../../../../lib64 -L/lib/x86_64-linux-gnu -L/lib/../lib64 -L/usr/lib/x86_64-linux-gnu -L/usr/lib/../lib64 -L/home/rouzbeh/Graduate/Research/LLVM/llvm-project/build/bin/../lib -L/lib -L/usr/lib CMakeFiles/cmTC_93289.dir/CMakeCCompilerABI.c.o -lgcc --as-needed -lgcc_s --no-as-needed -lc -lgcc --as-needed -lgcc_s --no-as-needed /usr/lib/gcc/x86_64-linux-gnu/9/crtend.o /lib/x86_64-linux-gnu/crtn.o]
    arg [/usr/bin/ld] ==> ignore
    arg [-zrelro] ==> ignore
    arg [--hash-style=gnu] ==> ignore
    arg [--eh-frame-hdr] ==> ignore
    arg [-m] ==> ignore
    arg [elf_x86_64] ==> ignore
    arg [-dynamic-linker] ==> ignore
    arg [/lib64/ld-linux-x86-64.so.2] ==> ignore
    arg [-o] ==> ignore
    arg [cmTC_93289] ==> ignore
    arg [/lib/x86_64-linux-gnu/crt1.o] ==> ignore
    arg [/lib/x86_64-linux-gnu/crti.o] ==> ignore
    arg [/usr/lib/gcc/x86_64-linux-gnu/9/crtbegin.o] ==> ignore
    arg [-L/usr/lib/gcc/x86_64-linux-gnu/9] ==> dir [/usr/lib/gcc/x86_64-linux-gnu/9]
    arg [-L/usr/lib/gcc/x86_64-linux-gnu/9/../../../../lib64] ==> dir [/usr/lib/gcc/x86_64-linux-gnu/9/../../../../lib64]
    arg [-L/lib/x86_64-linux-gnu] ==> dir [/lib/x86_64-linux-gnu]
    arg [-L/lib/../lib64] ==> dir [/lib/../lib64]
    arg [-L/usr/lib/x86_64-linux-gnu] ==> dir [/usr/lib/x86_64-linux-gnu]
    arg [-L/usr/lib/../lib64] ==> dir [/usr/lib/../lib64]
    arg [-L/home/rouzbeh/Graduate/Research/LLVM/llvm-project/build/bin/../lib] ==> dir [/home/rouzbeh/Graduate/Research/LLVM/llvm-project/build/bin/../lib]
    arg [-L/lib] ==> dir [/lib]
    arg [-L/usr/lib] ==> dir [/usr/lib]
    arg [CMakeFiles/cmTC_93289.dir/CMakeCCompilerABI.c.o] ==> ignore
    arg [-lgcc] ==> lib [gcc]
    arg [--as-needed] ==> ignore
    arg [-lgcc_s] ==> lib [gcc_s]
    arg [--no-as-needed] ==> ignore
    arg [-lc] ==> lib [c]
    arg [-lgcc] ==> lib [gcc]
    arg [--as-needed] ==> ignore
    arg [-lgcc_s] ==> lib [gcc_s]
    arg [--no-as-needed] ==> ignore
    arg [/usr/lib/gcc/x86_64-linux-gnu/9/crtend.o] ==> ignore
    arg [/lib/x86_64-linux-gnu/crtn.o] ==> ignore
  collapse library dir [/usr/lib/gcc/x86_64-linux-gnu/9] ==> [/usr/lib/gcc/x86_64-linux-gnu/9]
  collapse library dir [/usr/lib/gcc/x86_64-linux-gnu/9/../../../../lib64] ==> [/usr/lib64]
  collapse library dir [/lib/x86_64-linux-gnu] ==> [/lib/x86_64-linux-gnu]
  collapse library dir [/lib/../lib64] ==> [/lib64]
  collapse library dir [/usr/lib/x86_64-linux-gnu] ==> [/usr/lib/x86_64-linux-gnu]
  collapse library dir [/usr/lib/../lib64] ==> [/usr/lib64]
  collapse library dir [/home/rouzbeh/Graduate/Research/LLVM/llvm-project/build/bin/../lib] ==> [/home/rouzbeh/Graduate/Research/LLVM/llvm-project/build/lib]
  collapse library dir [/lib] ==> [/lib]
  collapse library dir [/usr/lib] ==> [/usr/lib]
  implicit libs: [gcc;gcc_s;c;gcc;gcc_s]
  implicit dirs: [/usr/lib/gcc/x86_64-linux-gnu/9;/usr/lib64;/lib/x86_64-linux-gnu;/lib64;/usr/lib/x86_64-linux-gnu;/home/rouzbeh/Graduate/Research/LLVM/llvm-project/build/lib;/lib;/usr/lib]
  implicit fwks: []


Detecting CXX compiler ABI info compiled with the following output:
Change Dir: /home/rouzbeh/Graduate/Research/LLVM/ALC/build/CMakeFiles/CMakeTmp

Run Build Command(s):/usr/bin/make -f Makefile cmTC_f8182/fast && /usr/bin/make  -f CMakeFiles/cmTC_f8182.dir/build.make CMakeFiles/cmTC_f8182.dir/build
make[1]: Entering directory '/home/rouzbeh/Graduate/Research/LLVM/ALC/build/CMakeFiles/CMakeTmp'
Building CXX object CMakeFiles/cmTC_f8182.dir/CMakeCXXCompilerABI.cpp.o
/home/rouzbeh/Graduate/Research/LLVM/llvm-project/build/bin/clang++   -v -MD -MT CMakeFiles/cmTC_f8182.dir/CMakeCXXCompilerABI.cpp.o -MF CMakeFiles/cmTC_f8182.dir/CMakeCXXCompilerABI.cpp.o.d -o CMakeFiles/cmTC_f8182.dir/CMakeCXXCompilerABI.cpp.o -c /usr/local/share/cmake-3.20/Modules/CMakeCXXCompilerABI.cpp
clang version 14.0.0 (https://github.com/llvm/llvm-project.git 4327d39b15b22b9ee23582e5455df5b2a093fe8d)
Target: x86_64-unknown-linux-gnu
Thread model: posix
InstalledDir: /home/rouzbeh/Graduate/Research/LLVM/llvm-project/build/bin
Found candidate GCC installation: /usr/lib/gcc/x86_64-linux-gnu/9
Selected GCC installation: /usr/lib/gcc/x86_64-linux-gnu/9
Candidate multilib: .;@m64
Selected multilib: .;@m64
 (in-process)
 "/home/rouzbeh/Graduate/Research/LLVM/llvm-project/build/bin/clang-14" -cc1 -triple x86_64-unknown-linux-gnu -emit-obj -mrelax-all --mrelax-relocations -disable-free -clear-ast-before-backend -main-file-name CMakeCXXCompilerABI.cpp -mrelocation-model static -mframe-pointer=all -fmath-errno -ffp-contract=on -fno-rounding-math -mconstructor-aliases -funwind-tables=2 -target-cpu x86-64 -tune-cpu generic -mllvm -treat-scalable-fixed-error-as-warning -debugger-tuning=gdb -v -fcoverage-compilation-dir=/home/rouzbeh/Graduate/Research/LLVM/ALC/build/CMakeFiles/CMakeTmp -resource-dir /home/rouzbeh/Graduate/Research/LLVM/llvm-project/build/lib/clang/14.0.0 -dependency-file CMakeFiles/cmTC_f8182.dir/CMakeCXXCompilerABI.cpp.o.d -MT CMakeFiles/cmTC_f8182.dir/CMakeCXXCompilerABI.cpp.o -sys-header-deps -internal-isystem /usr/lib/gcc/x86_64-linux-gnu/9/../../../../include/c++/9 -internal-isystem /usr/lib/gcc/x86_64-linux-gnu/9/../../../../include/x86_64-linux-gnu/c++/9 -internal-isystem /usr/lib/gcc/x86_64-linux-gnu/9/../../../../include/c++/9/backward -internal-isystem /home/rouzbeh/Graduate/Research/LLVM/llvm-project/build/lib/clang/14.0.0/include -internal-isystem /usr/local/include -internal-isystem /usr/lib/gcc/x86_64-linux-gnu/9/../../../../x86_64-linux-gnu/include -internal-externc-isystem /usr/include/x86_64-linux-gnu -internal-externc-isystem /include -internal-externc-isystem /usr/include -fdeprecated-macro -fdebug-compilation-dir=/home/rouzbeh/Graduate/Research/LLVM/ALC/build/CMakeFiles/CMakeTmp -ferror-limit 19 -fgnuc-version=4.2.1 -fcxx-exceptions -fexceptions -faddrsig -D__GCC_HAVE_DWARF2_CFI_ASM=1 -o CMakeFiles/cmTC_f8182.dir/CMakeCXXCompilerABI.cpp.o -x c++ /usr/local/share/cmake-3.20/Modules/CMakeCXXCompilerABI.cpp
clang -cc1 version 14.0.0 based upon LLVM 14.0.0 default target x86_64-unknown-linux-gnu
ignoring nonexistent directory "/usr/lib/gcc/x86_64-linux-gnu/9/../../../../x86_64-linux-gnu/include"
ignoring nonexistent directory "/include"
#include "..." search starts here:
#include <...> search starts here:
 /usr/lib/gcc/x86_64-linux-gnu/9/../../../../include/c++/9
 /usr/lib/gcc/x86_64-linux-gnu/9/../../../../include/x86_64-linux-gnu/c++/9
 /usr/lib/gcc/x86_64-linux-gnu/9/../../../../include/c++/9/backward
 /home/rouzbeh/Graduate/Research/LLVM/llvm-project/build/lib/clang/14.0.0/include
 /usr/local/include
 /usr/include/x86_64-linux-gnu
 /usr/include
End of search list.
Linking CXX executable cmTC_f8182
/usr/local/bin/cmake -E cmake_link_script CMakeFiles/cmTC_f8182.dir/link.txt --verbose=1
/home/rouzbeh/Graduate/Research/LLVM/llvm-project/build/bin/clang++  -v CMakeFiles/cmTC_f8182.dir/CMakeCXXCompilerABI.cpp.o -o cmTC_f8182 
clang version 14.0.0 (https://github.com/llvm/llvm-project.git 4327d39b15b22b9ee23582e5455df5b2a093fe8d)
Target: x86_64-unknown-linux-gnu
Thread model: posix
InstalledDir: /home/rouzbeh/Graduate/Research/LLVM/llvm-project/build/bin
Found candidate GCC installation: /usr/lib/gcc/x86_64-linux-gnu/9
Selected GCC installation: /usr/lib/gcc/x86_64-linux-gnu/9
Candidate multilib: .;@m64
Selected multilib: .;@m64
 "/usr/bin/ld" -z relro --hash-style=gnu --eh-frame-hdr -m elf_x86_64 -dynamic-linker /lib64/ld-linux-x86-64.so.2 -o cmTC_f8182 /lib/x86_64-linux-gnu/crt1.o /lib/x86_64-linux-gnu/crti.o /usr/lib/gcc/x86_64-linux-gnu/9/crtbegin.o -L/usr/lib/gcc/x86_64-linux-gnu/9 -L/usr/lib/gcc/x86_64-linux-gnu/9/../../../../lib64 -L/lib/x86_64-linux-gnu -L/lib/../lib64 -L/usr/lib/x86_64-linux-gnu -L/usr/lib/../lib64 -L/home/rouzbeh/Graduate/Research/LLVM/llvm-project/build/bin/../lib -L/lib -L/usr/lib CMakeFiles/cmTC_f8182.dir/CMakeCXXCompilerABI.cpp.o -lstdc++ -lm -lgcc_s -lgcc -lc -lgcc_s -lgcc /usr/lib/gcc/x86_64-linux-gnu/9/crtend.o /lib/x86_64-linux-gnu/crtn.o
make[1]: Leaving directory '/home/rouzbeh/Graduate/Research/LLVM/ALC/build/CMakeFiles/CMakeTmp'



Parsed CXX implicit include dir info from above output: rv=done
  found start of include info
  found start of implicit include info
    add: [/usr/lib/gcc/x86_64-linux-gnu/9/../../../../include/c++/9]
    add: [/usr/lib/gcc/x86_64-linux-gnu/9/../../../../include/x86_64-linux-gnu/c++/9]
    add: [/usr/lib/gcc/x86_64-linux-gnu/9/../../../../include/c++/9/backward]
    add: [/home/rouzbeh/Graduate/Research/LLVM/llvm-project/build/lib/clang/14.0.0/include]
    add: [/usr/local/include]
    add: [/usr/include/x86_64-linux-gnu]
    add: [/usr/include]
  end of search list found
  collapse include dir [/usr/lib/gcc/x86_64-linux-gnu/9/../../../../include/c++/9] ==> [/usr/include/c++/9]
  collapse include dir [/usr/lib/gcc/x86_64-linux-gnu/9/../../../../include/x86_64-linux-gnu/c++/9] ==> [/usr/include/x86_64-linux-gnu/c++/9]
  collapse include dir [/usr/lib/gcc/x86_64-linux-gnu/9/../../../../include/c++/9/backward] ==> [/usr/include/c++/9/backward]
  collapse include dir [/home/rouzbeh/Graduate/Research/LLVM/llvm-project/build/lib/clang/14.0.0/include] ==> [/home/rouzbeh/Graduate/Research/LLVM/llvm-project/build/lib/clang/14.0.0/include]
  collapse include dir [/usr/local/include] ==> [/usr/local/include]
  collapse include dir [/usr/include/x86_64-linux-gnu] ==> [/usr/include/x86_64-linux-gnu]
  collapse include dir [/usr/include] ==> [/usr/include]
  implicit include dirs: [/usr/include/c++/9;/usr/include/x86_64-linux-gnu/c++/9;/usr/include/c++/9/backward;/home/rouzbeh/Graduate/Research/LLVM/llvm-project/build/lib/clang/14.0.0/include;/usr/local/include;/usr/include/x86_64-linux-gnu;/usr/include]


Parsed CXX implicit link information from above output:
  link line regex: [^( *|.*[/\])(ld|CMAKE_LINK_STARTFILE-NOTFOUND|([^/\]+-)?ld|collect2)[^/\]*( |$)]
  ignore line: [Change Dir: /home/rouzbeh/Graduate/Research/LLVM/ALC/build/CMakeFiles/CMakeTmp]
  ignore line: []
  ignore line: [Run Build Command(s):/usr/bin/make -f Makefile cmTC_f8182/fast && /usr/bin/make  -f CMakeFiles/cmTC_f8182.dir/build.make CMakeFiles/cmTC_f8182.dir/build]
  ignore line: [make[1]: Entering directory '/home/rouzbeh/Graduate/Research/LLVM/ALC/build/CMakeFiles/CMakeTmp']
  ignore line: [Building CXX object CMakeFiles/cmTC_f8182.dir/CMakeCXXCompilerABI.cpp.o]
  ignore line: [/home/rouzbeh/Graduate/Research/LLVM/llvm-project/build/bin/clang++   -v -MD -MT CMakeFiles/cmTC_f8182.dir/CMakeCXXCompilerABI.cpp.o -MF CMakeFiles/cmTC_f8182.dir/CMakeCXXCompilerABI.cpp.o.d -o CMakeFiles/cmTC_f8182.dir/CMakeCXXCompilerABI.cpp.o -c /usr/local/share/cmake-3.20/Modules/CMakeCXXCompilerABI.cpp]
  ignore line: [clang version 14.0.0 (https://github.com/llvm/llvm-project.git 4327d39b15b22b9ee23582e5455df5b2a093fe8d)]
  ignore line: [Target: x86_64-unknown-linux-gnu]
  ignore line: [Thread model: posix]
  ignore line: [InstalledDir: /home/rouzbeh/Graduate/Research/LLVM/llvm-project/build/bin]
  ignore line: [Found candidate GCC installation: /usr/lib/gcc/x86_64-linux-gnu/9]
  ignore line: [Selected GCC installation: /usr/lib/gcc/x86_64-linux-gnu/9]
  ignore line: [Candidate multilib: .]
  ignore line: [@m64]
  ignore line: [Selected multilib: .]
  ignore line: [@m64]
  ignore line: [ (in-process)]
  ignore line: [ "/home/rouzbeh/Graduate/Research/LLVM/llvm-project/build/bin/clang-14" -cc1 -triple x86_64-unknown-linux-gnu -emit-obj -mrelax-all --mrelax-relocations -disable-free -clear-ast-before-backend -main-file-name CMakeCXXCompilerABI.cpp -mrelocation-model static -mframe-pointer=all -fmath-errno -ffp-contract=on -fno-rounding-math -mconstructor-aliases -funwind-tables=2 -target-cpu x86-64 -tune-cpu generic -mllvm -treat-scalable-fixed-error-as-warning -debugger-tuning=gdb -v -fcoverage-compilation-dir=/home/rouzbeh/Graduate/Research/LLVM/ALC/build/CMakeFiles/CMakeTmp -resource-dir /home/rouzbeh/Graduate/Research/LLVM/llvm-project/build/lib/clang/14.0.0 -dependency-file CMakeFiles/cmTC_f8182.dir/CMakeCXXCompilerABI.cpp.o.d -MT CMakeFiles/cmTC_f8182.dir/CMakeCXXCompilerABI.cpp.o -sys-header-deps -internal-isystem /usr/lib/gcc/x86_64-linux-gnu/9/../../../../include/c++/9 -internal-isystem /usr/lib/gcc/x86_64-linux-gnu/9/../../../../include/x86_64-linux-gnu/c++/9 -internal-isystem /usr/lib/gcc/x86_64-linux-gnu/9/../../../../include/c++/9/backward -internal-isystem /home/rouzbeh/Graduate/Research/LLVM/llvm-project/build/lib/clang/14.0.0/include -internal-isystem /usr/local/include -internal-isystem /usr/lib/gcc/x86_64-linux-gnu/9/../../../../x86_64-linux-gnu/include -internal-externc-isystem /usr/include/x86_64-linux-gnu -internal-externc-isystem /include -internal-externc-isystem /usr/include -fdeprecated-macro -fdebug-compilation-dir=/home/rouzbeh/Graduate/Research/LLVM/ALC/build/CMakeFiles/CMakeTmp -ferror-limit 19 -fgnuc-version=4.2.1 -fcxx-exceptions -fexceptions -faddrsig -D__GCC_HAVE_DWARF2_CFI_ASM=1 -o CMakeFiles/cmTC_f8182.dir/CMakeCXXCompilerABI.cpp.o -x c++ /usr/local/share/cmake-3.20/Modules/CMakeCXXCompilerABI.cpp]
  ignore line: [clang -cc1 version 14.0.0 based upon LLVM 14.0.0 default target x86_64-unknown-linux-gnu]
  ignore line: [ignoring nonexistent directory "/usr/lib/gcc/x86_64-linux-gnu/9/../../../../x86_64-linux-gnu/include"]
  ignore line: [ignoring nonexistent directory "/include"]
  ignore line: [#include "..." search starts here:]
  ignore line: [#include <...> search starts here:]
  ignore line: [ /usr/lib/gcc/x86_64-linux-gnu/9/../../../../include/c++/9]
  ignore line: [ /usr/lib/gcc/x86_64-linux-gnu/9/../../../../include/x86_64-linux-gnu/c++/9]
  ignore line: [ /usr/lib/gcc/x86_64-linux-gnu/9/../../../../include/c++/9/backward]
  ignore line: [ /home/rouzbeh/Graduate/Research/LLVM/llvm-project/build/lib/clang/14.0.0/include]
  ignore line: [ /usr/local/include]
  ignore line: [ /usr/include/x86_64-linux-gnu]
  ignore line: [ /usr/include]
  ignore line: [End of search list.]
  ignore line: [Linking CXX executable cmTC_f8182]
  ignore line: [/usr/local/bin/cmake -E cmake_link_script CMakeFiles/cmTC_f8182.dir/link.txt --verbose=1]
  ignore line: [/home/rouzbeh/Graduate/Research/LLVM/llvm-project/build/bin/clang++  -v CMakeFiles/cmTC_f8182.dir/CMakeCXXCompilerABI.cpp.o -o cmTC_f8182 ]
  ignore line: [clang version 14.0.0 (https://github.com/llvm/llvm-project.git 4327d39b15b22b9ee23582e5455df5b2a093fe8d)]
  ignore line: [Target: x86_64-unknown-linux-gnu]
  ignore line: [Thread model: posix]
  ignore line: [InstalledDir: /home/rouzbeh/Graduate/Research/LLVM/llvm-project/build/bin]
  ignore line: [Found candidate GCC installation: /usr/lib/gcc/x86_64-linux-gnu/9]
  ignore line: [Selected GCC installation: /usr/lib/gcc/x86_64-linux-gnu/9]
  ignore line: [Candidate multilib: .]
  ignore line: [@m64]
  ignore line: [Selected multilib: .]
  ignore line: [@m64]
  link line: [ "/usr/bin/ld" -z relro --hash-style=gnu --eh-frame-hdr -m elf_x86_64 -dynamic-linker /lib64/ld-linux-x86-64.so.2 -o cmTC_f8182 /lib/x86_64-linux-gnu/crt1.o /lib/x86_64-linux-gnu/crti.o /usr/lib/gcc/x86_64-linux-gnu/9/crtbegin.o -L/usr/lib/gcc/x86_64-linux-gnu/9 -L/usr/lib/gcc/x86_64-linux-gnu/9/../../../../lib64 -L/lib/x86_64-linux-gnu -L/lib/../lib64 -L/usr/lib/x86_64-linux-gnu -L/usr/lib/../lib64 -L/home/rouzbeh/Graduate/Research/LLVM/llvm-project/build/bin/../lib -L/lib -L/usr/lib CMakeFiles/cmTC_f8182.dir/CMakeCXXCompilerABI.cpp.o -lstdc++ -lm -lgcc_s -lgcc -lc -lgcc_s -lgcc /usr/lib/gcc/x86_64-linux-gnu/9/crtend.o /lib/x86_64-linux-gnu/crtn.o]
    arg [/usr/bin/ld] ==> ignore
    arg [-zrelro] ==> ignore
    arg [--hash-style=gnu] ==> ignore
    arg [--eh-frame-hdr] ==> ignore
    arg [-m] ==> ignore
    arg [elf_x86_64] ==> ignore
    arg [-dynamic-linker] ==> ignore
    arg [/lib64/ld-linux-x86-64.so.2] ==> ignore
    arg [-o] ==> ignore
    arg [cmTC_f8182] ==> ignore
    arg [/lib/x86_64-linux-gnu/crt1.o] ==> ignore
    arg [/lib/x86_64-linux-gnu/crti.o] ==> ignore
    arg [/usr/lib/gcc/x86_64-linux-gnu/9/crtbegin.o] ==> ignore
    arg [-L/usr/lib/gcc/x86_64-linux-gnu/9] ==> dir [/usr/lib/gcc/x86_64-linux-gnu/9]
    arg [-L/usr/lib/gcc/x86_64-linux-gnu/9/../../../../lib64] ==> dir [/usr/lib/gcc/x86_64-linux-gnu/9/../../../../lib64]
    arg [-L/lib/x86_64-linux-gnu] ==> dir [/lib/x86_64-linux-gnu]
    arg [-L/lib/../lib64] ==> dir [/lib/../lib64]
    arg [-L/usr/lib/x86_64-linux-gnu] ==> dir [/usr/lib/x86_64-linux-gnu]
    arg [-L/usr/lib/../lib64] ==> dir [/usr/lib/../lib64]
    arg [-L/home/rouzbeh/Graduate/Research/LLVM/llvm-project/build/bin/../lib] ==> dir [/home/rouzbeh/Graduate/Research/LLVM/llvm-project/build/bin/../lib]
    arg [-L/lib] ==> dir [/lib]
    arg [-L/usr/lib] ==> dir [/usr/lib]
    arg [CMakeFiles/cmTC_f8182.dir/CMakeCXXCompilerABI.cpp.o] ==> ignore
    arg [-lstdc++] ==> lib [stdc++]
    arg [-lm] ==> lib [m]
    arg [-lgcc_s] ==> lib [gcc_s]
    arg [-lgcc] ==> lib [gcc]
    arg [-lc] ==> lib [c]
    arg [-lgcc_s] ==> lib [gcc_s]
    arg [-lgcc] ==> lib [gcc]
    arg [/usr/lib/gcc/x86_64-linux-gnu/9/crtend.o] ==> ignore
    arg [/lib/x86_64-linux-gnu/crtn.o] ==> ignore
  collapse library dir [/usr/lib/gcc/x86_64-linux-gnu/9] ==> [/usr/lib/gcc/x86_64-linux-gnu/9]
  collapse library dir [/usr/lib/gcc/x86_64-linux-gnu/9/../../../../lib64] ==> [/usr/lib64]
  collapse library dir [/lib/x86_64-linux-gnu] ==> [/lib/x86_64-linux-gnu]
  collapse library dir [/lib/../lib64] ==> [/lib64]
  collapse library dir [/usr/lib/x86_64-linux-gnu] ==> [/usr/lib/x86_64-linux-gnu]
  collapse library dir [/usr/lib/../lib64] ==> [/usr/lib64]
  collapse library dir [/home/rouzbeh/Graduate/Research/LLVM/llvm-project/build/bin/../lib] ==> [/home/rouzbeh/Graduate/Research/LLVM/llvm-project/build/lib]
  collapse library dir [/lib] ==> [/lib]
  collapse library dir [/usr/lib] ==> [/usr/lib]
  implicit libs: [stdc++;m;gcc_s;gcc;c;gcc_s;gcc]
  implicit dirs: [/usr/lib/gcc/x86_64-linux-gnu/9;/usr/lib64;/lib/x86_64-linux-gnu;/lib64;/usr/lib/x86_64-linux-gnu;/home/rouzbeh/Graduate/Research/LLVM/llvm-project/build/lib;/lib;/usr/lib]
  implicit fwks: []


Performing C SOURCE FILE Test Terminfo_LINKABLE succeeded with the following output:
Change Dir: /home/rouzbeh/Graduate/Research/LLVM/ALC/build/CMakeFiles/CMakeTmp

Run Build Command(s):/usr/bin/make -f Makefile cmTC_8da30/fast && /usr/bin/make  -f CMakeFiles/cmTC_8da30.dir/build.make CMakeFiles/cmTC_8da30.dir/build
make[1]: Entering directory '/home/rouzbeh/Graduate/Research/LLVM/ALC/build/CMakeFiles/CMakeTmp'
Building C object CMakeFiles/cmTC_8da30.dir/src.c.o
/home/rouzbeh/Graduate/Research/LLVM/llvm-project/build/bin/clang -DTerminfo_LINKABLE   -MD -MT CMakeFiles/cmTC_8da30.dir/src.c.o -MF CMakeFiles/cmTC_8da30.dir/src.c.o.d -o CMakeFiles/cmTC_8da30.dir/src.c.o -c /home/rouzbeh/Graduate/Research/LLVM/ALC/build/CMakeFiles/CMakeTmp/src.c
Linking C executable cmTC_8da30
/usr/local/bin/cmake -E cmake_link_script CMakeFiles/cmTC_8da30.dir/link.txt --verbose=1
/home/rouzbeh/Graduate/Research/LLVM/llvm-project/build/bin/clang CMakeFiles/cmTC_8da30.dir/src.c.o -o cmTC_8da30  /usr/lib/x86_64-linux-gnu/libtinfo.so 
make[1]: Leaving directory '/home/rouzbeh/Graduate/Research/LLVM/ALC/build/CMakeFiles/CMakeTmp'


Source file was:

    int setupterm(char *term, int filedes, int *errret);
    int main() { return setupterm(0, 0, 0); }
The system is: Linux - 5.13.0-30-generic - x86_64
Compiling the C compiler identification source file "CMakeCCompilerId.c" succeeded.
Compiler: /home/rouzbeh/Graduate/Research/LLVM/llvm-project/build/bin/clang 
Build flags: 
Id flags:  

The output was:
0


Compilation of the C compiler identification source "CMakeCCompilerId.c" produced "a.out"

The C compiler identification is Clang, found in "/home/rouzbeh/Graduate/Research/LLVM/ALC/build/CMakeFiles/3.20.0/CompilerIdC/a.out"

Compiling the CXX compiler identification source file "CMakeCXXCompilerId.cpp" succeeded.
Compiler: /home/rouzbeh/Graduate/Research/LLVM/llvm-project/build/bin/clang++ 
Build flags: 
Id flags:  

The output was:
0


Compilation of the CXX compiler identification source "CMakeCXXCompilerId.cpp" produced "a.out"

The CXX compiler identification is Clang, found in "/home/rouzbeh/Graduate/Research/LLVM/ALC/build/CMakeFiles/3.20.0/CompilerIdCXX/a.out"

Detecting C compiler ABI info compiled with the following output:
Change Dir: /home/rouzbeh/Graduate/Research/LLVM/ALC/build/CMakeFiles/CMakeTmp

Run Build Command(s):/usr/bin/make -f Makefile cmTC_95c02/fast && /usr/bin/make  -f CMakeFiles/cmTC_95c02.dir/build.make CMakeFiles/cmTC_95c02.dir/build
make[1]: Entering directory '/home/rouzbeh/Graduate/Research/LLVM/ALC/build/CMakeFiles/CMakeTmp'
Building C object CMakeFiles/cmTC_95c02.dir/CMakeCCompilerABI.c.o
/home/rouzbeh/Graduate/Research/LLVM/llvm-project/build/bin/clang   -v -MD -MT CMakeFiles/cmTC_95c02.dir/CMakeCCompilerABI.c.o -MF CMakeFiles/cmTC_95c02.dir/CMakeCCompilerABI.c.o.d -o CMakeFiles/cmTC_95c02.dir/CMakeCCompilerABI.c.o -c /usr/local/share/cmake-3.20/Modules/CMakeCCompilerABI.c
clang version 14.0.0 (https://github.com/llvm/llvm-project.git 4327d39b15b22b9ee23582e5455df5b2a093fe8d)
Target: x86_64-unknown-linux-gnu
Thread model: posix
InstalledDir: /home/rouzbeh/Graduate/Research/LLVM/llvm-project/build/bin
Found candidate GCC installation: /usr/lib/gcc/x86_64-linux-gnu/9
Selected GCC installation: /usr/lib/gcc/x86_64-linux-gnu/9
Candidate multilib: .;@m64
Selected multilib: .;@m64
 (in-process)
 "/home/rouzbeh/Graduate/Research/LLVM/llvm-project/build/bin/clang-14" -cc1 -triple x86_64-unknown-linux-gnu -emit-obj -mrelax-all --mrelax-relocations -disable-free -clear-ast-before-backend -main-file-name CMakeCCompilerABI.c -mrelocation-model static -mframe-pointer=all -fmath-errno -ffp-contract=on -fno-rounding-math -mconstructor-aliases -funwind-tables=2 -target-cpu x86-64 -tune-cpu generic -mllvm -treat-scalable-fixed-error-as-warning -debugger-tuning=gdb -v -fcoverage-compilation-dir=/home/rouzbeh/Graduate/Research/LLVM/ALC/build/CMakeFiles/CMakeTmp -resource-dir /home/rouzbeh/Graduate/Research/LLVM/llvm-project/build/lib/clang/14.0.0 -dependency-file CMakeFiles/cmTC_95c02.dir/CMakeCCompilerABI.c.o.d -MT CMakeFiles/cmTC_95c02.dir/CMakeCCompilerABI.c.o -sys-header-deps -internal-isystem /home/rouzbeh/Graduate/Research/LLVM/llvm-project/build/lib/clang/14.0.0/include -internal-isystem /usr/local/include -internal-isystem /usr/lib/gcc/x86_64-linux-gnu/9/../../../../x86_64-linux-gnu/include -internal-externc-isystem /usr/include/x86_64-linux-gnu -internal-externc-isystem /include -internal-externc-isystem /usr/include -fdebug-compilation-dir=/home/rouzbeh/Graduate/Research/LLVM/ALC/build/CMakeFiles/CMakeTmp -ferror-limit 19 -fgnuc-version=4.2.1 -faddrsig -D__GCC_HAVE_DWARF2_CFI_ASM=1 -o CMakeFiles/cmTC_95c02.dir/CMakeCCompilerABI.c.o -x c /usr/local/share/cmake-3.20/Modules/CMakeCCompilerABI.c
clang -cc1 version 14.0.0 based upon LLVM 14.0.0 default target x86_64-unknown-linux-gnu
ignoring nonexistent directory "/usr/lib/gcc/x86_64-linux-gnu/9/../../../../x86_64-linux-gnu/include"
ignoring nonexistent directory "/include"
#include "..." search starts here:
#include <...> search starts here:
 /home/rouzbeh/Graduate/Research/LLVM/llvm-project/build/lib/clang/14.0.0/include
 /usr/local/include
 /usr/include/x86_64-linux-gnu
 /usr/include
End of search list.
Linking C executable cmTC_95c02
/usr/local/bin/cmake -E cmake_link_script CMakeFiles/cmTC_95c02.dir/link.txt --verbose=1
/home/rouzbeh/Graduate/Research/LLVM/llvm-project/build/bin/clang  -v CMakeFiles/cmTC_95c02.dir/CMakeCCompilerABI.c.o -o cmTC_95c02 
clang version 14.0.0 (https://github.com/llvm/llvm-project.git 4327d39b15b22b9ee23582e5455df5b2a093fe8d)
Target: x86_64-unknown-linux-gnu
Thread model: posix
InstalledDir: /home/rouzbeh/Graduate/Research/LLVM/llvm-project/build/bin
Found candidate GCC installation: /usr/lib/gcc/x86_64-linux-gnu/9
Selected GCC installation: /usr/lib/gcc/x86_64-linux-gnu/9
Candidate multilib: .;@m64
Selected multilib: .;@m64
 "/usr/bin/ld" -z relro --hash-style=gnu --eh-frame-hdr -m elf_x86_64 -dynamic-linker /lib64/ld-linux-x86-64.so.2 -o cmTC_95c02 /lib/x86_64-linux-gnu/crt1.o /lib/x86_64-linux-gnu/crti.o /usr/lib/gcc/x86_64-linux-gnu/9/crtbegin.o -L/usr/lib/gcc/x86_64-linux-gnu/9 -L/usr/lib/gcc/x86_64-linux-gnu/9/../../../../lib64 -L/lib/x86_64-linux-gnu -L/lib/../lib64 -L/usr/lib/x86_64-linux-gnu -L/usr/lib/../lib64 -L/home/rouzbeh/Graduate/Research/LLVM/llvm-project/build/bin/../lib -L/lib -L/usr/lib CMakeFiles/cmTC_95c02.dir/CMakeCCompilerABI.c.o -lgcc --as-needed -lgcc_s --no-as-needed -lc -lgcc --as-needed -lgcc_s --no-as-needed /usr/lib/gcc/x86_64-linux-gnu/9/crtend.o /lib/x86_64-linux-gnu/crtn.o
make[1]: Leaving directory '/home/rouzbeh/Graduate/Research/LLVM/ALC/build/CMakeFiles/CMakeTmp'



Parsed C implicit include dir info from above output: rv=done
  found start of include info
  found start of implicit include info
    add: [/home/rouzbeh/Graduate/Research/LLVM/llvm-project/build/lib/clang/14.0.0/include]
    add: [/usr/local/include]
    add: [/usr/include/x86_64-linux-gnu]
    add: [/usr/include]
  end of search list found
  collapse include dir [/home/rouzbeh/Graduate/Research/LLVM/llvm-project/build/lib/clang/14.0.0/include] ==> [/home/rouzbeh/Graduate/Research/LLVM/llvm-project/build/lib/clang/14.0.0/include]
  collapse include dir [/usr/local/include] ==> [/usr/local/include]
  collapse include dir [/usr/include/x86_64-linux-gnu] ==> [/usr/include/x86_64-linux-gnu]
  collapse include dir [/usr/include] ==> [/usr/include]
  implicit include dirs: [/home/rouzbeh/Graduate/Research/LLVM/llvm-project/build/lib/clang/14.0.0/include;/usr/local/include;/usr/include/x86_64-linux-gnu;/usr/include]


Parsed C implicit link information from above output:
  link line regex: [^( *|.*[/\])(ld|CMAKE_LINK_STARTFILE-NOTFOUND|([^/\]+-)?ld|collect2)[^/\]*( |$)]
  ignore line: [Change Dir: /home/rouzbeh/Graduate/Research/LLVM/ALC/build/CMakeFiles/CMakeTmp]
  ignore line: []
  ignore line: [Run Build Command(s):/usr/bin/make -f Makefile cmTC_95c02/fast && /usr/bin/make  -f CMakeFiles/cmTC_95c02.dir/build.make CMakeFiles/cmTC_95c02.dir/build]
  ignore line: [make[1]: Entering directory '/home/rouzbeh/Graduate/Research/LLVM/ALC/build/CMakeFiles/CMakeTmp']
  ignore line: [Building C object CMakeFiles/cmTC_95c02.dir/CMakeCCompilerABI.c.o]
  ignore line: [/home/rouzbeh/Graduate/Research/LLVM/llvm-project/build/bin/clang   -v -MD -MT CMakeFiles/cmTC_95c02.dir/CMakeCCompilerABI.c.o -MF CMakeFiles/cmTC_95c02.dir/CMakeCCompilerABI.c.o.d -o CMakeFiles/cmTC_95c02.dir/CMakeCCompilerABI.c.o -c /usr/local/share/cmake-3.20/Modules/CMakeCCompilerABI.c]
  ignore line: [clang version 14.0.0 (https://github.com/llvm/llvm-project.git 4327d39b15b22b9ee23582e5455df5b2a093fe8d)]
  ignore line: [Target: x86_64-unknown-linux-gnu]
  ignore line: [Thread model: posix]
  ignore line: [InstalledDir: /home/rouzbeh/Graduate/Research/LLVM/llvm-project/build/bin]
  ignore line: [Found candidate GCC installation: /usr/lib/gcc/x86_64-linux-gnu/9]
  ignore line: [Selected GCC installation: /usr/lib/gcc/x86_64-linux-gnu/9]
  ignore line: [Candidate multilib: .]
  ignore line: [@m64]
  ignore line: [Selected multilib: .]
  ignore line: [@m64]
  ignore line: [ (in-process)]
  ignore line: [ "/home/rouzbeh/Graduate/Research/LLVM/llvm-project/build/bin/clang-14" -cc1 -triple x86_64-unknown-linux-gnu -emit-obj -mrelax-all --mrelax-relocations -disable-free -clear-ast-before-backend -main-file-name CMakeCCompilerABI.c -mrelocation-model static -mframe-pointer=all -fmath-errno -ffp-contract=on -fno-rounding-math -mconstructor-aliases -funwind-tables=2 -target-cpu x86-64 -tune-cpu generic -mllvm -treat-scalable-fixed-error-as-warning -debugger-tuning=gdb -v -fcoverage-compilation-dir=/home/rouzbeh/Graduate/Research/LLVM/ALC/build/CMakeFiles/CMakeTmp -resource-dir /home/rouzbeh/Graduate/Research/LLVM/llvm-project/build/lib/clang/14.0.0 -dependency-file CMakeFiles/cmTC_95c02.dir/CMakeCCompilerABI.c.o.d -MT CMakeFiles/cmTC_95c02.dir/CMakeCCompilerABI.c.o -sys-header-deps -internal-isystem /home/rouzbeh/Graduate/Research/LLVM/llvm-project/build/lib/clang/14.0.0/include -internal-isystem /usr/local/include -internal-isystem /usr/lib/gcc/x86_64-linux-gnu/9/../../../../x86_64-linux-gnu/include -internal-externc-isystem /usr/include/x86_64-linux-gnu -internal-externc-isystem /include -internal-externc-isystem /usr/include -fdebug-compilation-dir=/home/rouzbeh/Graduate/Research/LLVM/ALC/build/CMakeFiles/CMakeTmp -ferror-limit 19 -fgnuc-version=4.2.1 -faddrsig -D__GCC_HAVE_DWARF2_CFI_ASM=1 -o CMakeFiles/cmTC_95c02.dir/CMakeCCompilerABI.c.o -x c /usr/local/share/cmake-3.20/Modules/CMakeCCompilerABI.c]
  ignore line: [clang -cc1 version 14.0.0 based upon LLVM 14.0.0 default target x86_64-unknown-linux-gnu]
  ignore line: [ignoring nonexistent directory "/usr/lib/gcc/x86_64-linux-gnu/9/../../../../x86_64-linux-gnu/include"]
  ignore line: [ignoring nonexistent directory "/include"]
  ignore line: [#include "..." search starts here:]
  ignore line: [#include <...> search starts here:]
  ignore line: [ /home/rouzbeh/Graduate/Research/LLVM/llvm-project/build/lib/clang/14.0.0/include]
  ignore line: [ /usr/local/include]
  ignore line: [ /usr/include/x86_64-linux-gnu]
  ignore line: [ /usr/include]
  ignore line: [End of search list.]
  ignore line: [Linking C executable cmTC_95c02]
  ignore line: [/usr/local/bin/cmake -E cmake_link_script CMakeFiles/cmTC_95c02.dir/link.txt --verbose=1]
  ignore line: [/home/rouzbeh/Graduate/Research/LLVM/llvm-project/build/bin/clang  -v CMakeFiles/cmTC_95c02.dir/CMakeCCompilerABI.c.o -o cmTC_95c02 ]
  ignore line: [clang version 14.0.0 (https://github.com/llvm/llvm-project.git 4327d39b15b22b9ee23582e5455df5b2a093fe8d)]
  ignore line: [Target: x86_64-unknown-linux-gnu]
  ignore line: [Thread model: posix]
  ignore line: [InstalledDir: /home/rouzbeh/Graduate/Research/LLVM/llvm-project/build/bin]
  ignore line: [Found candidate GCC installation: /usr/lib/gcc/x86_64-linux-gnu/9]
  ignore line: [Selected GCC installation: /usr/lib/gcc/x86_64-linux-gnu/9]
  ignore line: [Candidate multilib: .]
  ignore line: [@m64]
  ignore line: [Selected multilib: .]
  ignore line: [@m64]
  link line: [ "/usr/bin/ld" -z relro --hash-style=gnu --eh-frame-hdr -m elf_x86_64 -dynamic-linker /lib64/ld-linux-x86-64.so.2 -o cmTC_95c02 /lib/x86_64-linux-gnu/crt1.o /lib/x86_64-linux-gnu/crti.o /usr/lib/gcc/x86_64-linux-gnu/9/crtbegin.o -L/usr/lib/gcc/x86_64-linux-gnu/9 -L/usr/lib/gcc/x86_64-linux-gnu/9/../../../../lib64 -L/lib/x86_64-linux-gnu -L/lib/../lib64 -L/usr/lib/x86_64-linux-gnu -L/usr/lib/../lib64 -L/home/rouzbeh/Graduate/Research/LLVM/llvm-project/build/bin/../lib -L/lib -L/usr/lib CMakeFiles/cmTC_95c02.dir/CMakeCCompilerABI.c.o -lgcc --as-needed -lgcc_s --no-as-needed -lc -lgcc --as-needed -lgcc_s --no-as-needed /usr/lib/gcc/x86_64-linux-gnu/9/crtend.o /lib/x86_64-linux-gnu/crtn.o]
    arg [/usr/bin/ld] ==> ignore
    arg [-zrelro] ==> ignore
    arg [--hash-style=gnu] ==> ignore
    arg [--eh-frame-hdr] ==> ignore
    arg [-m] ==> ignore
    arg [elf_x86_64] ==> ignore
    arg [-dynamic-linker] ==> ignore
    arg [/lib64/ld-linux-x86-64.so.2] ==> ignore
    arg [-o] ==> ignore
    arg [cmTC_95c02] ==> ignore
    arg [/lib/x86_64-linux-gnu/crt1.o] ==> ignore
    arg [/lib/x86_64-linux-gnu/crti.o] ==> ignore
    arg [/usr/lib/gcc/x86_64-linux-gnu/9/crtbegin.o] ==> ignore
    arg [-L/usr/lib/gcc/x86_64-linux-gnu/9] ==> dir [/usr/lib/gcc/x86_64-linux-gnu/9]
    arg [-L/usr/lib/gcc/x86_64-linux-gnu/9/../../../../lib64] ==> dir [/usr/lib/gcc/x86_64-linux-gnu/9/../../../../lib64]
    arg [-L/lib/x86_64-linux-gnu] ==> dir [/lib/x86_64-linux-gnu]
    arg [-L/lib/../lib64] ==> dir [/lib/../lib64]
    arg [-L/usr/lib/x86_64-linux-gnu] ==> dir [/usr/lib/x86_64-linux-gnu]
    arg [-L/usr/lib/../lib64] ==> dir [/usr/lib/../lib64]
    arg [-L/home/rouzbeh/Graduate/Research/LLVM/llvm-project/build/bin/../lib] ==> dir [/home/rouzbeh/Graduate/Research/LLVM/llvm-project/build/bin/../lib]
    arg [-L/lib] ==> dir [/lib]
    arg [-L/usr/lib] ==> dir [/usr/lib]
    arg [CMakeFiles/cmTC_95c02.dir/CMakeCCompilerABI.c.o] ==> ignore
    arg [-lgcc] ==> lib [gcc]
    arg [--as-needed] ==> ignore
    arg [-lgcc_s] ==> lib [gcc_s]
    arg [--no-as-needed] ==> ignore
    arg [-lc] ==> lib [c]
    arg [-lgcc] ==> lib [gcc]
    arg [--as-needed] ==> ignore
    arg [-lgcc_s] ==> lib [gcc_s]
    arg [--no-as-needed] ==> ignore
    arg [/usr/lib/gcc/x86_64-linux-gnu/9/crtend.o] ==> ignore
    arg [/lib/x86_64-linux-gnu/crtn.o] ==> ignore
  collapse library dir [/usr/lib/gcc/x86_64-linux-gnu/9] ==> [/usr/lib/gcc/x86_64-linux-gnu/9]
  collapse library dir [/usr/lib/gcc/x86_64-linux-gnu/9/../../../../lib64] ==> [/usr/lib64]
  collapse library dir [/lib/x86_64-linux-gnu] ==> [/lib/x86_64-linux-gnu]
  collapse library dir [/lib/../lib64] ==> [/lib64]
  collapse library dir [/usr/lib/x86_64-linux-gnu] ==> [/usr/lib/x86_64-linux-gnu]
  collapse library dir [/usr/lib/../lib64] ==> [/usr/lib64]
  collapse library dir [/home/rouzbeh/Graduate/Research/LLVM/llvm-project/build/bin/../lib] ==> [/home/rouzbeh/Graduate/Research/LLVM/llvm-project/build/lib]
  collapse library dir [/lib] ==> [/lib]
  collapse library dir [/usr/lib] ==> [/usr/lib]
  implicit libs: [gcc;gcc_s;c;gcc;gcc_s]
  implicit dirs: [/usr/lib/gcc/x86_64-linux-gnu/9;/usr/lib64;/lib/x86_64-linux-gnu;/lib64;/usr/lib/x86_64-linux-gnu;/home/rouzbeh/Graduate/Research/LLVM/llvm-project/build/lib;/lib;/usr/lib]
  implicit fwks: []


Detecting CXX compiler ABI info compiled with the following output:
Change Dir: /home/rouzbeh/Graduate/Research/LLVM/ALC/build/CMakeFiles/CMakeTmp

Run Build Command(s):/usr/bin/make -f Makefile cmTC_5c6c2/fast && /usr/bin/make  -f CMakeFiles/cmTC_5c6c2.dir/build.make CMakeFiles/cmTC_5c6c2.dir/build
make[1]: Entering directory '/home/rouzbeh/Graduate/Research/LLVM/ALC/build/CMakeFiles/CMakeTmp'
Building CXX object CMakeFiles/cmTC_5c6c2.dir/CMakeCXXCompilerABI.cpp.o
/home/rouzbeh/Graduate/Research/LLVM/llvm-project/build/bin/clang++   -v -MD -MT CMakeFiles/cmTC_5c6c2.dir/CMakeCXXCompilerABI.cpp.o -MF CMakeFiles/cmTC_5c6c2.dir/CMakeCXXCompilerABI.cpp.o.d -o CMakeFiles/cmTC_5c6c2.dir/CMakeCXXCompilerABI.cpp.o -c /usr/local/share/cmake-3.20/Modules/CMakeCXXCompilerABI.cpp
clang version 14.0.0 (https://github.com/llvm/llvm-project.git 4327d39b15b22b9ee23582e5455df5b2a093fe8d)
Target: x86_64-unknown-linux-gnu
Thread model: posix
InstalledDir: /home/rouzbeh/Graduate/Research/LLVM/llvm-project/build/bin
Found candidate GCC installation: /usr/lib/gcc/x86_64-linux-gnu/9
Selected GCC installation: /usr/lib/gcc/x86_64-linux-gnu/9
Candidate multilib: .;@m64
Selected multilib: .;@m64
 (in-process)
 "/home/rouzbeh/Graduate/Research/LLVM/llvm-project/build/bin/clang-14" -cc1 -triple x86_64-unknown-linux-gnu -emit-obj -mrelax-all --mrelax-relocations -disable-free -clear-ast-before-backend -main-file-name CMakeCXXCompilerABI.cpp -mrelocation-model static -mframe-pointer=all -fmath-errno -ffp-contract=on -fno-rounding-math -mconstructor-aliases -funwind-tables=2 -target-cpu x86-64 -tune-cpu generic -mllvm -treat-scalable-fixed-error-as-warning -debugger-tuning=gdb -v -fcoverage-compilation-dir=/home/rouzbeh/Graduate/Research/LLVM/ALC/build/CMakeFiles/CMakeTmp -resource-dir /home/rouzbeh/Graduate/Research/LLVM/llvm-project/build/lib/clang/14.0.0 -dependency-file CMakeFiles/cmTC_5c6c2.dir/CMakeCXXCompilerABI.cpp.o.d -MT CMakeFiles/cmTC_5c6c2.dir/CMakeCXXCompilerABI.cpp.o -sys-header-deps -internal-isystem /usr/lib/gcc/x86_64-linux-gnu/9/../../../../include/c++/9 -internal-isystem /usr/lib/gcc/x86_64-linux-gnu/9/../../../../include/x86_64-linux-gnu/c++/9 -internal-isystem /usr/lib/gcc/x86_64-linux-gnu/9/../../../../include/c++/9/backward -internal-isystem /home/rouzbeh/Graduate/Research/LLVM/llvm-project/build/lib/clang/14.0.0/include -internal-isystem /usr/local/include -internal-isystem /usr/lib/gcc/x86_64-linux-gnu/9/../../../../x86_64-linux-gnu/include -internal-externc-isystem /usr/include/x86_64-linux-gnu -internal-externc-isystem /include -internal-externc-isystem /usr/include -fdeprecated-macro -fdebug-compilation-dir=/home/rouzbeh/Graduate/Research/LLVM/ALC/build/CMakeFiles/CMakeTmp -ferror-limit 19 -fgnuc-version=4.2.1 -fcxx-exceptions -fexceptions -faddrsig -D__GCC_HAVE_DWARF2_CFI_ASM=1 -o CMakeFiles/cmTC_5c6c2.dir/CMakeCXXCompilerABI.cpp.o -x c++ /usr/local/share/cmake-3.20/Modules/CMakeCXXCompilerABI.cpp
clang -cc1 version 14.0.0 based upon LLVM 14.0.0 default target x86_64-unknown-linux-gnu
ignoring nonexistent directory "/usr/lib/gcc/x86_64-linux-gnu/9/../../../../x86_64-linux-gnu/include"
ignoring nonexistent directory "/include"
#include "..." search starts here:
#include <...> search starts here:
 /usr/lib/gcc/x86_64-linux-gnu/9/../../../../include/c++/9
 /usr/lib/gcc/x86_64-linux-gnu/9/../../../../include/x86_64-linux-gnu/c++/9
 /usr/lib/gcc/x86_64-linux-gnu/9/../../../../include/c++/9/backward
 /home/rouzbeh/Graduate/Research/LLVM/llvm-project/build/lib/clang/14.0.0/include
 /usr/local/include
 /usr/include/x86_64-linux-gnu
 /usr/include
End of search list.
Linking CXX executable cmTC_5c6c2
/usr/local/bin/cmake -E cmake_link_script CMakeFiles/cmTC_5c6c2.dir/link.txt --verbose=1
/home/rouzbeh/Graduate/Research/LLVM/llvm-project/build/bin/clang++  -v CMakeFiles/cmTC_5c6c2.dir/CMakeCXXCompilerABI.cpp.o -o cmTC_5c6c2 
clang version 14.0.0 (https://github.com/llvm/llvm-project.git 4327d39b15b22b9ee23582e5455df5b2a093fe8d)
Target: x86_64-unknown-linux-gnu
Thread model: posix
InstalledDir: /home/rouzbeh/Graduate/Research/LLVM/llvm-project/build/bin
Found candidate GCC installation: /usr/lib/gcc/x86_64-linux-gnu/9
Selected GCC installation: /usr/lib/gcc/x86_64-linux-gnu/9
Candidate multilib: .;@m64
Selected multilib: .;@m64
 "/usr/bin/ld" -z relro --hash-style=gnu --eh-frame-hdr -m elf_x86_64 -dynamic-linker /lib64/ld-linux-x86-64.so.2 -o cmTC_5c6c2 /lib/x86_64-linux-gnu/crt1.o /lib/x86_64-linux-gnu/crti.o /usr/lib/gcc/x86_64-linux-gnu/9/crtbegin.o -L/usr/lib/gcc/x86_64-linux-gnu/9 -L/usr/lib/gcc/x86_64-linux-gnu/9/../../../../lib64 -L/lib/x86_64-linux-gnu -L/lib/../lib64 -L/usr/lib/x86_64-linux-gnu -L/usr/lib/../lib64 -L/home/rouzbeh/Graduate/Research/LLVM/llvm-project/build/bin/../lib -L/lib -L/usr/lib CMakeFiles/cmTC_5c6c2.dir/CMakeCXXCompilerABI.cpp.o -lstdc++ -lm -lgcc_s -lgcc -lc -lgcc_s -lgcc /usr/lib/gcc/x86_64-linux-gnu/9/crtend.o /lib/x86_64-linux-gnu/crtn.o
make[1]: Leaving directory '/home/rouzbeh/Graduate/Research/LLVM/ALC/build/CMakeFiles/CMakeTmp'



Parsed CXX implicit include dir info from above output: rv=done
  found start of include info
  found start of implicit include info
    add: [/usr/lib/gcc/x86_64-linux-gnu/9/../../../../include/c++/9]
    add: [/usr/lib/gcc/x86_64-linux-gnu/9/../../../../include/x86_64-linux-gnu/c++/9]
    add: [/usr/lib/gcc/x86_64-linux-gnu/9/../../../../include/c++/9/backward]
    add: [/home/rouzbeh/Graduate/Research/LLVM/llvm-project/build/lib/clang/14.0.0/include]
    add: [/usr/local/include]
    add: [/usr/include/x86_64-linux-gnu]
    add: [/usr/include]
  end of search list found
  collapse include dir [/usr/lib/gcc/x86_64-linux-gnu/9/../../../../include/c++/9] ==> [/usr/include/c++/9]
  collapse include dir [/usr/lib/gcc/x86_64-linux-gnu/9/../../../../include/x86_64-linux-gnu/c++/9] ==> [/usr/include/x86_64-linux-gnu/c++/9]
  collapse include dir [/usr/lib/gcc/x86_64-linux-gnu/9/../../../../include/c++/9/backward] ==> [/usr/include/c++/9/backward]
  collapse include dir [/home/rouzbeh/Graduate/Research/LLVM/llvm-project/build/lib/clang/14.0.0/include] ==> [/home/rouzbeh/Graduate/Research/LLVM/llvm-project/build/lib/clang/14.0.0/include]
  collapse include dir [/usr/local/include] ==> [/usr/local/include]
  collapse include dir [/usr/include/x86_64-linux-gnu] ==> [/usr/include/x86_64-linux-gnu]
  collapse include dir [/usr/include] ==> [/usr/include]
  implicit include dirs: [/usr/include/c++/9;/usr/include/x86_64-linux-gnu/c++/9;/usr/include/c++/9/backward;/home/rouzbeh/Graduate/Research/LLVM/llvm-project/build/lib/clang/14.0.0/include;/usr/local/include;/usr/include/x86_64-linux-gnu;/usr/include]


Parsed CXX implicit link information from above output:
  link line regex: [^( *|.*[/\])(ld|CMAKE_LINK_STARTFILE-NOTFOUND|([^/\]+-)?ld|collect2)[^/\]*( |$)]
  ignore line: [Change Dir: /home/rouzbeh/Graduate/Research/LLVM/ALC/build/CMakeFiles/CMakeTmp]
  ignore line: []
  ignore line: [Run Build Command(s):/usr/bin/make -f Makefile cmTC_5c6c2/fast && /usr/bin/make  -f CMakeFiles/cmTC_5c6c2.dir/build.make CMakeFiles/cmTC_5c6c2.dir/build]
  ignore line: [make[1]: Entering directory '/home/rouzbeh/Graduate/Research/LLVM/ALC/build/CMakeFiles/CMakeTmp']
  ignore line: [Building CXX object CMakeFiles/cmTC_5c6c2.dir/CMakeCXXCompilerABI.cpp.o]
  ignore line: [/home/rouzbeh/Graduate/Research/LLVM/llvm-project/build/bin/clang++   -v -MD -MT CMakeFiles/cmTC_5c6c2.dir/CMakeCXXCompilerABI.cpp.o -MF CMakeFiles/cmTC_5c6c2.dir/CMakeCXXCompilerABI.cpp.o.d -o CMakeFiles/cmTC_5c6c2.dir/CMakeCXXCompilerABI.cpp.o -c /usr/local/share/cmake-3.20/Modules/CMakeCXXCompilerABI.cpp]
  ignore line: [clang version 14.0.0 (https://github.com/llvm/llvm-project.git 4327d39b15b22b9ee23582e5455df5b2a093fe8d)]
  ignore line: [Target: x86_64-unknown-linux-gnu]
  ignore line: [Thread model: posix]
  ignore line: [InstalledDir: /home/rouzbeh/Graduate/Research/LLVM/llvm-project/build/bin]
  ignore line: [Found candidate GCC installation: /usr/lib/gcc/x86_64-linux-gnu/9]
  ignore line: [Selected GCC installation: /usr/lib/gcc/x86_64-linux-gnu/9]
  ignore line: [Candidate multilib: .]
  ignore line: [@m64]
  ignore line: [Selected multilib: .]
  ignore line: [@m64]
  ignore line: [ (in-process)]
  ignore line: [ "/home/rouzbeh/Graduate/Research/LLVM/llvm-project/build/bin/clang-14" -cc1 -triple x86_64-unknown-linux-gnu -emit-obj -mrelax-all --mrelax-relocations -disable-free -clear-ast-before-backend -main-file-name CMakeCXXCompilerABI.cpp -mrelocation-model static -mframe-pointer=all -fmath-errno -ffp-contract=on -fno-rounding-math -mconstructor-aliases -funwind-tables=2 -target-cpu x86-64 -tune-cpu generic -mllvm -treat-scalable-fixed-error-as-warning -debugger-tuning=gdb -v -fcoverage-compilation-dir=/home/rouzbeh/Graduate/Research/LLVM/ALC/build/CMakeFiles/CMakeTmp -resource-dir /home/rouzbeh/Graduate/Research/LLVM/llvm-project/build/lib/clang/14.0.0 -dependency-file CMakeFiles/cmTC_5c6c2.dir/CMakeCXXCompilerABI.cpp.o.d -MT CMakeFiles/cmTC_5c6c2.dir/CMakeCXXCompilerABI.cpp.o -sys-header-deps -internal-isystem /usr/lib/gcc/x86_64-linux-gnu/9/../../../../include/c++/9 -internal-isystem /usr/lib/gcc/x86_64-linux-gnu/9/../../../../include/x86_64-linux-gnu/c++/9 -internal-isystem /usr/lib/gcc/x86_64-linux-gnu/9/../../../../include/c++/9/backward -internal-isystem /home/rouzbeh/Graduate/Research/LLVM/llvm-project/build/lib/clang/14.0.0/include -internal-isystem /usr/local/include -internal-isystem /usr/lib/gcc/x86_64-linux-gnu/9/../../../../x86_64-linux-gnu/include -internal-externc-isystem /usr/include/x86_64-linux-gnu -internal-externc-isystem /include -internal-externc-isystem /usr/include -fdeprecated-macro -fdebug-compilation-dir=/home/rouzbeh/Graduate/Research/LLVM/ALC/build/CMakeFiles/CMakeTmp -ferror-limit 19 -fgnuc-version=4.2.1 -fcxx-exceptions -fexceptions -faddrsig -D__GCC_HAVE_DWARF2_CFI_ASM=1 -o CMakeFiles/cmTC_5c6c2.dir/CMakeCXXCompilerABI.cpp.o -x c++ /usr/local/share/cmake-3.20/Modules/CMakeCXXCompilerABI.cpp]
  ignore line: [clang -cc1 version 14.0.0 based upon LLVM 14.0.0 default target x86_64-unknown-linux-gnu]
  ignore line: [ignoring nonexistent directory "/usr/lib/gcc/x86_64-linux-gnu/9/../../../../x86_64-linux-gnu/include"]
  ignore line: [ignoring nonexistent directory "/include"]
  ignore line: [#include "..." search starts here:]
  ignore line: [#include <...> search starts here:]
  ignore line: [ /usr/lib/gcc/x86_64-linux-gnu/9/../../../../include/c++/9]
  ignore line: [ /usr/lib/gcc/x86_64-linux-gnu/9/../../../../include/x86_64-linux-gnu/c++/9]
  ignore line: [ /usr/lib/gcc/x86_64-linux-gnu/9/../../../../include/c++/9/backward]
  ignore line: [ /home/rouzbeh/Graduate/Research/LLVM/llvm-project/build/lib/clang/14.0.0/include]
  ignore line: [ /usr/local/include]
  ignore line: [ /usr/include/x86_64-linux-gnu]
  ignore line: [ /usr/include]
  ignore line: [End of search list.]
  ignore line: [Linking CXX executable cmTC_5c6c2]
  ignore line: [/usr/local/bin/cmake -E cmake_link_script CMakeFiles/cmTC_5c6c2.dir/link.txt --verbose=1]
  ignore line: [/home/rouzbeh/Graduate/Research/LLVM/llvm-project/build/bin/clang++  -v CMakeFiles/cmTC_5c6c2.dir/CMakeCXXCompilerABI.cpp.o -o cmTC_5c6c2 ]
  ignore line: [clang version 14.0.0 (https://github.com/llvm/llvm-project.git 4327d39b15b22b9ee23582e5455df5b2a093fe8d)]
  ignore line: [Target: x86_64-unknown-linux-gnu]
  ignore line: [Thread model: posix]
  ignore line: [InstalledDir: /home/rouzbeh/Graduate/Research/LLVM/llvm-project/build/bin]
  ignore line: [Found candidate GCC installation: /usr/lib/gcc/x86_64-linux-gnu/9]
  ignore line: [Selected GCC installation: /usr/lib/gcc/x86_64-linux-gnu/9]
  ignore line: [Candidate multilib: .]
  ignore line: [@m64]
  ignore line: [Selected multilib: .]
  ignore line: [@m64]
  link line: [ "/usr/bin/ld" -z relro --hash-style=gnu --eh-frame-hdr -m elf_x86_64 -dynamic-linker /lib64/ld-linux-x86-64.so.2 -o cmTC_5c6c2 /lib/x86_64-linux-gnu/crt1.o /lib/x86_64-linux-gnu/crti.o /usr/lib/gcc/x86_64-linux-gnu/9/crtbegin.o -L/usr/lib/gcc/x86_64-linux-gnu/9 -L/usr/lib/gcc/x86_64-linux-gnu/9/../../../../lib64 -L/lib/x86_64-linux-gnu -L/lib/../lib64 -L/usr/lib/x86_64-linux-gnu -L/usr/lib/../lib64 -L/home/rouzbeh/Graduate/Research/LLVM/llvm-project/build/bin/../lib -L/lib -L/usr/lib CMakeFiles/cmTC_5c6c2.dir/CMakeCXXCompilerABI.cpp.o -lstdc++ -lm -lgcc_s -lgcc -lc -lgcc_s -lgcc /usr/lib/gcc/x86_64-linux-gnu/9/crtend.o /lib/x86_64-linux-gnu/crtn.o]
    arg [/usr/bin/ld] ==> ignore
    arg [-zrelro] ==> ignore
    arg [--hash-style=gnu] ==> ignore
    arg [--eh-frame-hdr] ==> ignore
    arg [-m] ==> ignore
    arg [elf_x86_64] ==> ignore
    arg [-dynamic-linker] ==> ignore
    arg [/lib64/ld-linux-x86-64.so.2] ==> ignore
    arg [-o] ==> ignore
    arg [cmTC_5c6c2] ==> ignore
    arg [/lib/x86_64-linux-gnu/crt1.o] ==> ignore
    arg [/lib/x86_64-linux-gnu/crti.o] ==> ignore
    arg [/usr/lib/gcc/x86_64-linux-gnu/9/crtbegin.o] ==> ignore
    arg [-L/usr/lib/gcc/x86_64-linux-gnu/9] ==> dir [/usr/lib/gcc/x86_64-linux-gnu/9]
    arg [-L/usr/lib/gcc/x86_64-linux-gnu/9/../../../../lib64] ==> dir [/usr/lib/gcc/x86_64-linux-gnu/9/../../../../lib64]
    arg [-L/lib/x86_64-linux-gnu] ==> dir [/lib/x86_64-linux-gnu]
    arg [-L/lib/../lib64] ==> dir [/lib/../lib64]
    arg [-L/usr/lib/x86_64-linux-gnu] ==> dir [/usr/lib/x86_64-linux-gnu]
    arg [-L/usr/lib/../lib64] ==> dir [/usr/lib/../lib64]
    arg [-L/home/rouzbeh/Graduate/Research/LLVM/llvm-project/build/bin/../lib] ==> dir [/home/rouzbeh/Graduate/Research/LLVM/llvm-project/build/bin/../lib]
    arg [-L/lib] ==> dir [/lib]
    arg [-L/usr/lib] ==> dir [/usr/lib]
    arg [CMakeFiles/cmTC_5c6c2.dir/CMakeCXXCompilerABI.cpp.o] ==> ignore
    arg [-lstdc++] ==> lib [stdc++]
    arg [-lm] ==> lib [m]
    arg [-lgcc_s] ==> lib [gcc_s]
    arg [-lgcc] ==> lib [gcc]
    arg [-lc] ==> lib [c]
    arg [-lgcc_s] ==> lib [gcc_s]
    arg [-lgcc] ==> lib [gcc]
    arg [/usr/lib/gcc/x86_64-linux-gnu/9/crtend.o] ==> ignore
    arg [/lib/x86_64-linux-gnu/crtn.o] ==> ignore
  collapse library dir [/usr/lib/gcc/x86_64-linux-gnu/9] ==> [/usr/lib/gcc/x86_64-linux-gnu/9]
  collapse library dir [/usr/lib/gcc/x86_64-linux-gnu/9/../../../../lib64] ==> [/usr/lib64]
  collapse library dir [/lib/x86_64-linux-gnu] ==> [/lib/x86_64-linux-gnu]
  collapse library dir [/lib/../lib64] ==> [/lib64]
  collapse library dir [/usr/lib/x86_64-linux-gnu] ==> [/usr/lib/x86_64-linux-gnu]
  collapse library dir [/usr/lib/../lib64] ==> [/usr/lib64]
  collapse library dir [/home/rouzbeh/Graduate/Research/LLVM/llvm-project/build/bin/../lib] ==> [/home/rouzbeh/Graduate/Research/LLVM/llvm-project/build/lib]
  collapse library dir [/lib] ==> [/lib]
  collapse library dir [/usr/lib] ==> [/usr/lib]
  implicit libs: [stdc++;m;gcc_s;gcc;c;gcc_s;gcc]
  implicit dirs: [/usr/lib/gcc/x86_64-linux-gnu/9;/usr/lib64;/lib/x86_64-linux-gnu;/lib64;/usr/lib/x86_64-linux-gnu;/home/rouzbeh/Graduate/Research/LLVM/llvm-project/build/lib;/lib;/usr/lib]
  implicit fwks: []


Performing C SOURCE FILE Test Terminfo_LINKABLE succeeded with the following output:
Change Dir: /home/rouzbeh/Graduate/Research/LLVM/ALC/build/CMakeFiles/CMakeTmp

Run Build Command(s):/usr/bin/make -f Makefile cmTC_51018/fast && /usr/bin/make  -f CMakeFiles/cmTC_51018.dir/build.make CMakeFiles/cmTC_51018.dir/build
make[1]: Entering directory '/home/rouzbeh/Graduate/Research/LLVM/ALC/build/CMakeFiles/CMakeTmp'
Building C object CMakeFiles/cmTC_51018.dir/src.c.o
/home/rouzbeh/Graduate/Research/LLVM/llvm-project/build/bin/clang -DTerminfo_LINKABLE   -MD -MT CMakeFiles/cmTC_51018.dir/src.c.o -MF CMakeFiles/cmTC_51018.dir/src.c.o.d -o CMakeFiles/cmTC_51018.dir/src.c.o -c /home/rouzbeh/Graduate/Research/LLVM/ALC/build/CMakeFiles/CMakeTmp/src.c
Linking C executable cmTC_51018
/usr/local/bin/cmake -E cmake_link_script CMakeFiles/cmTC_51018.dir/link.txt --verbose=1
/home/rouzbeh/Graduate/Research/LLVM/llvm-project/build/bin/clang CMakeFiles/cmTC_51018.dir/src.c.o -o cmTC_51018  /usr/lib/x86_64-linux-gnu/libtinfo.so 
make[1]: Leaving directory '/home/rouzbeh/Graduate/Research/LLVM/ALC/build/CMakeFiles/CMakeTmp'


Source file was:

    int setupterm(char *term, int filedes, int *errret);
    int main() { return setupterm(0, 0, 0); }
